<?xml version="1.0" encoding="UTF-8"?>
<TestRun id="4b24f7ba-59e5-4bc0-86cb-df8dfacce554" name="Rick@RICK-PC 2015-06-24 01:23:30" runUser="Rick-PC\Rick" xmlns="http://microsoft.com/schemas/VisualStudio/TeamTest/2010">
  <TestSettings name="Local" id="d8c93d2e-84f3-4b5d-943e-6cf5476d15bf">
    <Description>These are default test settings for a local test run.</Description>
    <Deployment enabled="false" runDeploymentRoot="Rick_RICK-PC 2015-06-24 01_23_30">
      <DeploymentItem filename="C:\Users\Rick\Documents\Visual Studio 2010\Projects\WcfRestService1\WcfRestService1\bin\WcfRestService1.dll" />
    </Deployment>
    <Execution>
      <TestTypeSpecific />
      <AgentRule name="Execution Agents">
      </AgentRule>
    </Execution>
  </TestSettings>
  <Times creation="2015-06-24T01:23:30.3877352-03:00" queuing="2015-06-24T01:23:31.8438185-03:00" start="2015-06-24T01:23:31.8968215-03:00" finish="2015-06-24T01:24:01.7625297-03:00" />
  <ResultSummary outcome="Completed">
    <Counters total="1" executed="1" passed="1" error="0" failed="0" timeout="0" aborted="0" inconclusive="0" passedButRunAborted="0" notRunnable="0" notExecuted="0" disconnected="0" warning="0" completed="0" inProgress="0" pending="0" />
  </ResultSummary>
  <TestDefinitions>
    <UnitTest name="AdicionaCorredorTest" storage="c:\users\rick\documents\visual studio 2010\projects\wcfrestservice1\webservicetest\bin\debug\webservicetest.dll" id="bd2cc5eb-4013-3a7b-10cc-71062da9a9da">
      <Execution id="6c5fa891-426e-42e5-9285-a8dafa9cb1bc" />
      <TestMethod codeBase="C:/Users/Rick/documents/visual studio 2010/Projects/WcfRestService1/WebServiceTest/bin/Debug/WebServiceTest.DLL" adapterTypeName="Microsoft.VisualStudio.TestTools.TestTypes.Unit.UnitTestAdapter, Microsoft.VisualStudio.QualityTools.Tips.UnitTest.Adapter, Version=10.0.0.0, Culture=neutral, PublicKeyToken=b03f5f7f11d50a3a" className="WebServiceTest.CorredorControllerTest, WebServiceTest, Version=1.0.0.0, Culture=neutral, PublicKeyToken=null" name="AdicionaCorredorTest" />
      <AspNet webSiteUrl="http://localhost:64670/NecessarioParaPoderRodarTestes.aspx">
        <Host pathToWebApp="C:\Users\Rick\Documents\Visual Studio 2010\Projects\WcfRestService1\WcfRestService1" webAppRoot="/" />
      </AspNet>
    </UnitTest>
  </TestDefinitions>
  <TestLists>
    <TestList name="Results Not in a List" id="8c84fa94-04c1-424b-9868-57a2d4851a1d" />
    <TestList name="All Loaded Results" id="19431567-8539-422a-85d7-44ee4e166bda" />
  </TestLists>
  <TestEntries>
    <TestEntry testId="bd2cc5eb-4013-3a7b-10cc-71062da9a9da" executionId="6c5fa891-426e-42e5-9285-a8dafa9cb1bc" testListId="8c84fa94-04c1-424b-9868-57a2d4851a1d" />
  </TestEntries>
  <Results>
    <UnitTestResult executionId="6c5fa891-426e-42e5-9285-a8dafa9cb1bc" testId="bd2cc5eb-4013-3a7b-10cc-71062da9a9da" testName="AdicionaCorredorTest" computerName="RICK-PC" duration="00:00:01.8901416" startTime="2015-06-24T01:23:32.0478301-03:00" endTime="2015-06-24T01:24:01.5735189-03:00" testType="13cdc9d9-ddb5-4fa4-a97d-d965ccfc6d4b" outcome="Passed" testListId="8c84fa94-04c1-424b-9868-57a2d4851a1d" relativeResultsDirectory="6c5fa891-426e-42e5-9285-a8dafa9cb1bc">
    </UnitTestResult>
  </Results>
</TestRun>