<?xml version="1.0" encoding="UTF-8"?>
<TestRun id="e0d801be-a8e1-41f8-833d-ef7de78b4cee" name="Rick@RICK-PC 2015-06-24 01:42:35" runUser="Rick-PC\Rick" xmlns="http://microsoft.com/schemas/VisualStudio/TeamTest/2010">
  <TestSettings name="Local" id="d8c93d2e-84f3-4b5d-943e-6cf5476d15bf">
    <Description>These are default test settings for a local test run.</Description>
    <Deployment enabled="false" runDeploymentRoot="Rick_RICK-PC 2015-06-24 01_42_35">
      <DeploymentItem filename="C:\Users\Rick\Documents\Visual Studio 2010\Projects\WcfRestService1\WcfRestService1\bin\WcfRestService1.dll" />
    </Deployment>
    <Execution>
      <TestTypeSpecific />
      <AgentRule name="Execution Agents">
      </AgentRule>
    </Execution>
  </TestSettings>
  <Times creation="2015-06-24T01:42:35.2402170-03:00" queuing="2015-06-24T01:42:35.2572180-03:00" start="2015-06-24T01:42:35.2732189-03:00" finish="2015-06-24T01:42:35.8442516-03:00" />
  <ResultSummary outcome="Error">
    <Counters total="3" executed="3" error="3" failed="0" timeout="0" aborted="0" inconclusive="0" passedButRunAborted="0" notRunnable="0" notExecuted="0" disconnected="0" warning="0" passed="0" completed="0" inProgress="0" pending="0" />
  </ResultSummary>
  <TestDefinitions>
    <UnitTest name="AtualizaCorredorTest" storage="c:\users\rick\documents\visual studio 2010\projects\wcfrestservice1\webservicetest\bin\debug\webservicetest.dll" id="f74cd5cf-5332-2f99-0d94-f069236ae8aa">
      <Execution id="fc8ba7e8-6a1c-44c0-9c52-73317196d62b" />
      <TestMethod codeBase="C:/Users/Rick/documents/visual studio 2010/Projects/WcfRestService1/WebServiceTest/bin/Debug/WebServiceTest.DLL" adapterTypeName="Microsoft.VisualStudio.TestTools.TestTypes.Unit.UnitTestAdapter, Microsoft.VisualStudio.QualityTools.Tips.UnitTest.Adapter, Version=10.0.0.0, Culture=neutral, PublicKeyToken=b03f5f7f11d50a3a" className="WebServiceTest.CorredorControllerTest, WebServiceTest, Version=1.0.0.0, Culture=neutral, PublicKeyToken=null" name="AtualizaCorredorTest" />
      <AspNet webSiteUrl="http://localhost:64670/NecessarioParaPoderRodarTestes.aspx">
        <Host pathToWebApp="C:\Users\Rick\Documents\Visual Studio 2010\Projects\WcfRestService1\WcfRestService1" webAppRoot="/" />
      </AspNet>
    </UnitTest>
    <UnitTest name="ExcluiCorredorTest" storage="c:\users\rick\documents\visual studio 2010\projects\wcfrestservice1\webservicetest\bin\debug\webservicetest.dll" id="fe3d67b9-f24f-b91e-89f2-c2a147922167">
      <Execution id="bd54ef70-0472-4ab6-8f03-de33186b4f08" />
      <TestMethod codeBase="C:/Users/Rick/documents/visual studio 2010/Projects/WcfRestService1/WebServiceTest/bin/Debug/WebServiceTest.DLL" adapterTypeName="Microsoft.VisualStudio.TestTools.TestTypes.Unit.UnitTestAdapter, Microsoft.VisualStudio.QualityTools.Tips.UnitTest.Adapter, Version=10.0.0.0, Culture=neutral, PublicKeyToken=b03f5f7f11d50a3a" className="WebServiceTest.CorredorControllerTest, WebServiceTest, Version=1.0.0.0, Culture=neutral, PublicKeyToken=null" name="ExcluiCorredorTest" />
      <AspNet webSiteUrl="http://localhost:64670/NecessarioParaPoderRodarTestes.aspx">
        <Host pathToWebApp="C:\Users\Rick\Documents\Visual Studio 2010\Projects\WcfRestService1\WcfRestService1" webAppRoot="/" />
      </AspNet>
    </UnitTest>
    <UnitTest name="AdicionaCorredorTest" storage="c:\users\rick\documents\visual studio 2010\projects\wcfrestservice1\webservicetest\bin\debug\webservicetest.dll" id="bd2cc5eb-4013-3a7b-10cc-71062da9a9da">
      <Execution id="7a39e711-46c7-4b46-86b4-15254d3092a3" />
      <TestMethod codeBase="C:/Users/Rick/documents/visual studio 2010/Projects/WcfRestService1/WebServiceTest/bin/Debug/WebServiceTest.DLL" adapterTypeName="Microsoft.VisualStudio.TestTools.TestTypes.Unit.UnitTestAdapter, Microsoft.VisualStudio.QualityTools.Tips.UnitTest.Adapter, Version=10.0.0.0, Culture=neutral, PublicKeyToken=b03f5f7f11d50a3a" className="WebServiceTest.CorredorControllerTest, WebServiceTest, Version=1.0.0.0, Culture=neutral, PublicKeyToken=null" name="AdicionaCorredorTest" />
      <AspNet webSiteUrl="http://localhost:64670/NecessarioParaPoderRodarTestes.aspx">
        <Host pathToWebApp="C:\Users\Rick\Documents\Visual Studio 2010\Projects\WcfRestService1\WcfRestService1" webAppRoot="/" />
      </AspNet>
    </UnitTest>
  </TestDefinitions>
  <TestLists>
    <TestList name="Results Not in a List" id="8c84fa94-04c1-424b-9868-57a2d4851a1d" />
    <TestList name="All Loaded Results" id="19431567-8539-422a-85d7-44ee4e166bda" />
  </TestLists>
  <TestEntries>
    <TestEntry testId="bd2cc5eb-4013-3a7b-10cc-71062da9a9da" executionId="7a39e711-46c7-4b46-86b4-15254d3092a3" testListId="8c84fa94-04c1-424b-9868-57a2d4851a1d" />
    <TestEntry testId="f74cd5cf-5332-2f99-0d94-f069236ae8aa" executionId="fc8ba7e8-6a1c-44c0-9c52-73317196d62b" testListId="8c84fa94-04c1-424b-9868-57a2d4851a1d" />
    <TestEntry testId="fe3d67b9-f24f-b91e-89f2-c2a147922167" executionId="bd54ef70-0472-4ab6-8f03-de33186b4f08" testListId="8c84fa94-04c1-424b-9868-57a2d4851a1d" />
  </TestEntries>
  <Results>
    <UnitTestResult executionId="7a39e711-46c7-4b46-86b4-15254d3092a3" testId="bd2cc5eb-4013-3a7b-10cc-71062da9a9da" testName="AdicionaCorredorTest" computerName="RICK-PC" duration="00:00:00.2060118" startTime="2015-06-24T01:42:35.3052207-03:00" endTime="2015-06-24T01:42:35.5112325-03:00" testType="13cdc9d9-ddb5-4fa4-a97d-d965ccfc6d4b" testListId="8c84fa94-04c1-424b-9868-57a2d4851a1d" relativeResultsDirectory="7a39e711-46c7-4b46-86b4-15254d3092a3">
      <Output>
        <ErrorInfo>
          <Message>The test adapter 'WebHostAdapter' threw an exception while running test 'AdicionaCorredorTest'. The web site could not be configured correctly; getting ASP.NET process information failed. Requesting 'http://localhost:64670/VSEnterpriseHelper.axd' returned an error: The remote server returned an error: (500) Internal Server Error.
The remote server returned an error: (500) Internal Server Error.</Message>
        </ErrorInfo>
      </Output>
    </UnitTestResult>
    <UnitTestResult executionId="fc8ba7e8-6a1c-44c0-9c52-73317196d62b" testId="f74cd5cf-5332-2f99-0d94-f069236ae8aa" testName="AtualizaCorredorTest" computerName="RICK-PC" duration="00:00:00.1320076" startTime="2015-06-24T01:42:35.5222331-03:00" endTime="2015-06-24T01:42:35.6542407-03:00" testType="13cdc9d9-ddb5-4fa4-a97d-d965ccfc6d4b" testListId="8c84fa94-04c1-424b-9868-57a2d4851a1d" relativeResultsDirectory="fc8ba7e8-6a1c-44c0-9c52-73317196d62b">
      <Output>
        <ErrorInfo>
          <Message>The test adapter 'WebHostAdapter' threw an exception while running test 'AtualizaCorredorTest'. The web site could not be configured correctly; getting ASP.NET process information failed. Requesting 'http://localhost:64670/VSEnterpriseHelper.axd' returned an error: The remote server returned an error: (500) Internal Server Error.
The remote server returned an error: (500) Internal Server Error.</Message>
        </ErrorInfo>
      </Output>
    </UnitTestResult>
    <UnitTestResult executionId="bd54ef70-0472-4ab6-8f03-de33186b4f08" testId="fe3d67b9-f24f-b91e-89f2-c2a147922167" testName="ExcluiCorredorTest" computerName="RICK-PC" duration="00:00:00.1440082" startTime="2015-06-24T01:42:35.6632412-03:00" endTime="2015-06-24T01:42:35.8072494-03:00" testType="13cdc9d9-ddb5-4fa4-a97d-d965ccfc6d4b" testListId="8c84fa94-04c1-424b-9868-57a2d4851a1d" relativeResultsDirectory="bd54ef70-0472-4ab6-8f03-de33186b4f08">
      <Output>
        <ErrorInfo>
          <Message>The test adapter 'WebHostAdapter' threw an exception while running test 'ExcluiCorredorTest'. The web site could not be configured correctly; getting ASP.NET process information failed. Requesting 'http://localhost:64670/VSEnterpriseHelper.axd' returned an error: The remote server returned an error: (500) Internal Server Error.
The remote server returned an error: (500) Internal Server Error.</Message>
        </ErrorInfo>
      </Output>
    </UnitTestResult>
  </Results>
</TestRun>