<?xml version="1.0" encoding="UTF-8"?>
<TestRun id="e06861e7-fe1c-4771-a2c5-ab0d75694ac8" name="Rick@RICK-PC 2015-06-24 01:46:29" runUser="Rick-PC\Rick" xmlns="http://microsoft.com/schemas/VisualStudio/TeamTest/2010">
  <TestSettings name="Local" id="d8c93d2e-84f3-4b5d-943e-6cf5476d15bf">
    <Description>These are default test settings for a local test run.</Description>
    <Deployment enabled="false" runDeploymentRoot="Rick_RICK-PC 2015-06-24 01_46_29">
      <DeploymentItem filename="C:\Users\Rick\documents\visual studio 2010\Projects\WcfRestService1\WcfRestService1\bin\WcfRestService1.dll" />
    </Deployment>
    <Execution>
      <TestTypeSpecific />
      <AgentRule name="Execution Agents">
      </AgentRule>
    </Execution>
  </TestSettings>
  <Times creation="2015-06-24T01:46:29.1645967-03:00" queuing="2015-06-24T01:46:29.1815977-03:00" start="2015-06-24T01:46:29.2015988-03:00" finish="2015-06-24T01:46:56.8131781-03:00" />
  <ResultSummary outcome="Failed">
    <Counters total="3" executed="3" passed="2" error="0" failed="1" timeout="0" aborted="0" inconclusive="0" passedButRunAborted="0" notRunnable="0" notExecuted="0" disconnected="0" warning="0" completed="0" inProgress="0" pending="0" />
  </ResultSummary>
  <TestDefinitions>
    <UnitTest name="AtualizaCorredorTest" storage="c:\users\rick\documents\visual studio 2010\projects\wcfrestservice1\webservicetest\bin\debug\webservicetest.dll" id="f74cd5cf-5332-2f99-0d94-f069236ae8aa">
      <Execution id="b00e5f95-5670-4dcc-9d8d-f58db3691f4d" />
      <TestMethod codeBase="C:/Users/Rick/documents/visual studio 2010/Projects/WcfRestService1/WebServiceTest/bin/Debug/WebServiceTest.DLL" adapterTypeName="Microsoft.VisualStudio.TestTools.TestTypes.Unit.UnitTestAdapter, Microsoft.VisualStudio.QualityTools.Tips.UnitTest.Adapter, Version=10.0.0.0, Culture=neutral, PublicKeyToken=b03f5f7f11d50a3a" className="WebServiceTest.CorredorControllerTest, WebServiceTest, Version=1.0.0.0, Culture=neutral, PublicKeyToken=null" name="AtualizaCorredorTest" />
      <AspNet webSiteUrl="http://localhost:64670/NecessarioParaPoderRodarTestes.aspx">
        <Host pathToWebApp="C:\Users\Rick\Documents\Visual Studio 2010\Projects\WcfRestService1\WcfRestService1" webAppRoot="/" />
      </AspNet>
    </UnitTest>
    <UnitTest name="ExcluiCorredorTest" storage="c:\users\rick\documents\visual studio 2010\projects\wcfrestservice1\webservicetest\bin\debug\webservicetest.dll" id="fe3d67b9-f24f-b91e-89f2-c2a147922167">
      <Execution id="07eb819d-f71b-4003-a38e-1f97067f91a9" />
      <TestMethod codeBase="C:/Users/Rick/documents/visual studio 2010/Projects/WcfRestService1/WebServiceTest/bin/Debug/WebServiceTest.DLL" adapterTypeName="Microsoft.VisualStudio.TestTools.TestTypes.Unit.UnitTestAdapter, Microsoft.VisualStudio.QualityTools.Tips.UnitTest.Adapter, Version=10.0.0.0, Culture=neutral, PublicKeyToken=b03f5f7f11d50a3a" className="WebServiceTest.CorredorControllerTest, WebServiceTest, Version=1.0.0.0, Culture=neutral, PublicKeyToken=null" name="ExcluiCorredorTest" />
      <AspNet webSiteUrl="http://localhost:64670/NecessarioParaPoderRodarTestes.aspx">
        <Host pathToWebApp="C:\Users\Rick\Documents\Visual Studio 2010\Projects\WcfRestService1\WcfRestService1" webAppRoot="/" />
      </AspNet>
    </UnitTest>
    <UnitTest name="AdicionaCorredorTest" storage="c:\users\rick\documents\visual studio 2010\projects\wcfrestservice1\webservicetest\bin\debug\webservicetest.dll" id="bd2cc5eb-4013-3a7b-10cc-71062da9a9da">
      <Execution id="9bc8727e-dcf6-49cc-97f8-4be528427f6f" />
      <TestMethod codeBase="C:/Users/Rick/documents/visual studio 2010/Projects/WcfRestService1/WebServiceTest/bin/Debug/WebServiceTest.DLL" adapterTypeName="Microsoft.VisualStudio.TestTools.TestTypes.Unit.UnitTestAdapter, Microsoft.VisualStudio.QualityTools.Tips.UnitTest.Adapter, Version=10.0.0.0, Culture=neutral, PublicKeyToken=b03f5f7f11d50a3a" className="WebServiceTest.CorredorControllerTest, WebServiceTest, Version=1.0.0.0, Culture=neutral, PublicKeyToken=null" name="AdicionaCorredorTest" />
      <AspNet webSiteUrl="http://localhost:64670/NecessarioParaPoderRodarTestes.aspx">
        <Host pathToWebApp="C:\Users\Rick\Documents\Visual Studio 2010\Projects\WcfRestService1\WcfRestService1" webAppRoot="/" />
      </AspNet>
    </UnitTest>
  </TestDefinitions>
  <TestLists>
    <TestList name="Results Not in a List" id="8c84fa94-04c1-424b-9868-57a2d4851a1d" />
    <TestList name="All Loaded Results" id="19431567-8539-422a-85d7-44ee4e166bda" />
  </TestLists>
  <TestEntries>
    <TestEntry testId="bd2cc5eb-4013-3a7b-10cc-71062da9a9da" executionId="9bc8727e-dcf6-49cc-97f8-4be528427f6f" testListId="8c84fa94-04c1-424b-9868-57a2d4851a1d" />
    <TestEntry testId="f74cd5cf-5332-2f99-0d94-f069236ae8aa" executionId="b00e5f95-5670-4dcc-9d8d-f58db3691f4d" testListId="8c84fa94-04c1-424b-9868-57a2d4851a1d" />
    <TestEntry testId="fe3d67b9-f24f-b91e-89f2-c2a147922167" executionId="07eb819d-f71b-4003-a38e-1f97067f91a9" testListId="8c84fa94-04c1-424b-9868-57a2d4851a1d" />
  </TestEntries>
  <Results>
    <UnitTestResult executionId="9bc8727e-dcf6-49cc-97f8-4be528427f6f" testId="bd2cc5eb-4013-3a7b-10cc-71062da9a9da" testName="AdicionaCorredorTest" computerName="RICK-PC" duration="00:00:01.5425791" startTime="2015-06-24T01:46:29.2266003-03:00" endTime="2015-06-24T01:46:54.0470199-03:00" testType="13cdc9d9-ddb5-4fa4-a97d-d965ccfc6d4b" outcome="Passed" testListId="8c84fa94-04c1-424b-9868-57a2d4851a1d" relativeResultsDirectory="9bc8727e-dcf6-49cc-97f8-4be528427f6f">
    </UnitTestResult>
    <UnitTestResult executionId="b00e5f95-5670-4dcc-9d8d-f58db3691f4d" testId="f74cd5cf-5332-2f99-0d94-f069236ae8aa" testName="AtualizaCorredorTest" computerName="RICK-PC" duration="00:00:01.2200305" startTime="2015-06-24T01:46:54.0510201-03:00" endTime="2015-06-24T01:46:56.4941599-03:00" testType="13cdc9d9-ddb5-4fa4-a97d-d965ccfc6d4b" outcome="Passed" testListId="8c84fa94-04c1-424b-9868-57a2d4851a1d" relativeResultsDirectory="b00e5f95-5670-4dcc-9d8d-f58db3691f4d">
    </UnitTestResult>
    <UnitTestResult executionId="07eb819d-f71b-4003-a38e-1f97067f91a9" testId="fe3d67b9-f24f-b91e-89f2-c2a147922167" testName="ExcluiCorredorTest" computerName="RICK-PC" duration="00:00:00.0207772" startTime="2015-06-24T01:46:56.4991602-03:00" endTime="2015-06-24T01:46:56.5571635-03:00" testType="13cdc9d9-ddb5-4fa4-a97d-d965ccfc6d4b" outcome="Failed" testListId="8c84fa94-04c1-424b-9868-57a2d4851a1d" relativeResultsDirectory="07eb819d-f71b-4003-a38e-1f97067f91a9">
      <Output>
        <ErrorInfo>
          <Message>Test method WebServiceTest.CorredorControllerTest.ExcluiCorredorTest threw exception: 
System.Data.UpdateException: An error occurred while updating the entries. See the inner exception for details. ---&gt; MySql.Data.MySqlClient.MySqlException: Duplicate entry '999' for key 'PRIMARY'</Message>
          <StackTrace>    at MySql.Data.MySqlClient.MySqlStream.ReadPacket()
   at MySql.Data.MySqlClient.NativeDriver.GetResult(Int32&amp; affectedRow, Int64&amp; insertedId)
   at MySql.Data.MySqlClient.Driver.GetResult(Int32 statementId, Int32&amp; affectedRows, Int64&amp; insertedId)
   at MySql.Data.MySqlClient.Driver.NextResult(Int32 statementId, Boolean force)
   at MySql.Data.MySqlClient.MySqlDataReader.NextResult()
   at MySql.Data.MySqlClient.MySqlCommand.ExecuteReader(CommandBehavior behavior)
   at MySql.Data.MySqlClient.MySqlCommand.ExecuteNonQuery()
   at MySql.Data.Entity.EFMySqlCommand.ExecuteNonQuery()
   at System.Data.Mapping.Update.Internal.DynamicUpdateCommand.Execute(UpdateTranslator translator, EntityConnection connection, Dictionary`2 identifierValues, List`1 generatedValues)
   at System.Data.Mapping.Update.Internal.UpdateTranslator.Update(IEntityStateManager stateManager, IEntityAdapter adapter)
 --- End of inner exception stack trace ---
    at System.Data.Mapping.Update.Internal.UpdateTranslator.Update(IEntityStateManager stateManager, IEntityAdapter adapter)
   at System.Data.EntityClient.EntityAdapter.Update(IEntityStateManager entityCache)
   at System.Data.Objects.ObjectContext.SaveChanges(SaveOptions options)
   at System.Data.Objects.ObjectContext.SaveChanges()
   at WcfRestService1.Controllers.CorredorController.AdicionaCorredor(corredor instance) in C:\Users\Rick\documents\visual studio 2010\Projects\WcfRestService1\WcfRestService1\Controllers\CorredorController.cs:line 25
   at WebServiceTest.CorredorControllerTest.ExcluiCorredorTest() in C:\Users\Rick\documents\visual studio 2010\Projects\WcfRestService1\WebServiceTest\CorredorControllerTest.cs:line 125
</StackTrace>
        </ErrorInfo>
      </Output>
    </UnitTestResult>
  </Results>
</TestRun>