<?xml version="1.0" encoding="UTF-8"?>
<TestRun id="a82bb833-c9a6-43ef-9d94-453a14ae79a1" name="Rick@RICK-PC 2015-06-24 01:43:31" runUser="Rick-PC\Rick" xmlns="http://microsoft.com/schemas/VisualStudio/TeamTest/2010">
  <TestSettings name="Local" id="d8c93d2e-84f3-4b5d-943e-6cf5476d15bf">
    <Description>These are default test settings for a local test run.</Description>
    <Deployment enabled="false" runDeploymentRoot="Rick_RICK-PC 2015-06-24 01_43_31">
      <DeploymentItem filename="C:\Users\Rick\documents\visual studio 2010\Projects\WcfRestService1\WcfRestService1\bin\WcfRestService1.dll" />
    </Deployment>
    <Execution>
      <TestTypeSpecific />
      <AgentRule name="Execution Agents">
      </AgentRule>
    </Execution>
  </TestSettings>
  <Times creation="2015-06-24T01:43:31.9524608-03:00" queuing="2015-06-24T01:43:32.7025037-03:00" start="2015-06-24T01:43:32.7475062-03:00" finish="2015-06-24T01:44:01.5241522-03:00" />
  <ResultSummary outcome="Failed">
    <Counters total="3" executed="3" passed="1" error="0" failed="2" timeout="0" aborted="0" inconclusive="0" passedButRunAborted="0" notRunnable="0" notExecuted="0" disconnected="0" warning="0" completed="0" inProgress="0" pending="0" />
  </ResultSummary>
  <TestDefinitions>
    <UnitTest name="AtualizaCorredorTest" storage="c:\users\rick\documents\visual studio 2010\projects\wcfrestservice1\webservicetest\bin\debug\webservicetest.dll" id="f74cd5cf-5332-2f99-0d94-f069236ae8aa">
      <Execution id="5eb2a653-5a3e-46a7-8c31-05ac0a1ad263" />
      <TestMethod codeBase="C:/Users/Rick/documents/visual studio 2010/Projects/WcfRestService1/WebServiceTest/bin/Debug/WebServiceTest.DLL" adapterTypeName="Microsoft.VisualStudio.TestTools.TestTypes.Unit.UnitTestAdapter, Microsoft.VisualStudio.QualityTools.Tips.UnitTest.Adapter, Version=10.0.0.0, Culture=neutral, PublicKeyToken=b03f5f7f11d50a3a" className="WebServiceTest.CorredorControllerTest, WebServiceTest, Version=1.0.0.0, Culture=neutral, PublicKeyToken=null" name="AtualizaCorredorTest" />
      <AspNet webSiteUrl="http://localhost:64670/NecessarioParaPoderRodarTestes.aspx">
        <Host pathToWebApp="C:\Users\Rick\Documents\Visual Studio 2010\Projects\WcfRestService1\WcfRestService1" webAppRoot="/" />
      </AspNet>
    </UnitTest>
    <UnitTest name="ExcluiCorredorTest" storage="c:\users\rick\documents\visual studio 2010\projects\wcfrestservice1\webservicetest\bin\debug\webservicetest.dll" id="fe3d67b9-f24f-b91e-89f2-c2a147922167">
      <Execution id="3c4d8dde-dc32-4411-850c-a41e9b11f157" />
      <TestMethod codeBase="C:/Users/Rick/documents/visual studio 2010/Projects/WcfRestService1/WebServiceTest/bin/Debug/WebServiceTest.DLL" adapterTypeName="Microsoft.VisualStudio.TestTools.TestTypes.Unit.UnitTestAdapter, Microsoft.VisualStudio.QualityTools.Tips.UnitTest.Adapter, Version=10.0.0.0, Culture=neutral, PublicKeyToken=b03f5f7f11d50a3a" className="WebServiceTest.CorredorControllerTest, WebServiceTest, Version=1.0.0.0, Culture=neutral, PublicKeyToken=null" name="ExcluiCorredorTest" />
      <AspNet webSiteUrl="http://localhost:64670/NecessarioParaPoderRodarTestes.aspx">
        <Host pathToWebApp="C:\Users\Rick\Documents\Visual Studio 2010\Projects\WcfRestService1\WcfRestService1" webAppRoot="/" />
      </AspNet>
    </UnitTest>
    <UnitTest name="AdicionaCorredorTest" storage="c:\users\rick\documents\visual studio 2010\projects\wcfrestservice1\webservicetest\bin\debug\webservicetest.dll" id="bd2cc5eb-4013-3a7b-10cc-71062da9a9da">
      <Execution id="a6297c22-aeb4-42bd-870c-5b38fdd311b5" />
      <TestMethod codeBase="C:/Users/Rick/documents/visual studio 2010/Projects/WcfRestService1/WebServiceTest/bin/Debug/WebServiceTest.DLL" adapterTypeName="Microsoft.VisualStudio.TestTools.TestTypes.Unit.UnitTestAdapter, Microsoft.VisualStudio.QualityTools.Tips.UnitTest.Adapter, Version=10.0.0.0, Culture=neutral, PublicKeyToken=b03f5f7f11d50a3a" className="WebServiceTest.CorredorControllerTest, WebServiceTest, Version=1.0.0.0, Culture=neutral, PublicKeyToken=null" name="AdicionaCorredorTest" />
      <AspNet webSiteUrl="http://localhost:64670/NecessarioParaPoderRodarTestes.aspx">
        <Host pathToWebApp="C:\Users\Rick\Documents\Visual Studio 2010\Projects\WcfRestService1\WcfRestService1" webAppRoot="/" />
      </AspNet>
    </UnitTest>
  </TestDefinitions>
  <TestLists>
    <TestList name="Results Not in a List" id="8c84fa94-04c1-424b-9868-57a2d4851a1d" />
    <TestList name="All Loaded Results" id="19431567-8539-422a-85d7-44ee4e166bda" />
  </TestLists>
  <TestEntries>
    <TestEntry testId="bd2cc5eb-4013-3a7b-10cc-71062da9a9da" executionId="a6297c22-aeb4-42bd-870c-5b38fdd311b5" testListId="8c84fa94-04c1-424b-9868-57a2d4851a1d" />
    <TestEntry testId="f74cd5cf-5332-2f99-0d94-f069236ae8aa" executionId="5eb2a653-5a3e-46a7-8c31-05ac0a1ad263" testListId="8c84fa94-04c1-424b-9868-57a2d4851a1d" />
    <TestEntry testId="fe3d67b9-f24f-b91e-89f2-c2a147922167" executionId="3c4d8dde-dc32-4411-850c-a41e9b11f157" testListId="8c84fa94-04c1-424b-9868-57a2d4851a1d" />
  </TestEntries>
  <Results>
    <UnitTestResult executionId="a6297c22-aeb4-42bd-870c-5b38fdd311b5" testId="bd2cc5eb-4013-3a7b-10cc-71062da9a9da" testName="AdicionaCorredorTest" computerName="RICK-PC" duration="00:00:01.7235471" startTime="2015-06-24T01:43:32.9305167-03:00" endTime="2015-06-24T01:43:58.4209747-03:00" testType="13cdc9d9-ddb5-4fa4-a97d-d965ccfc6d4b" outcome="Passed" testListId="8c84fa94-04c1-424b-9868-57a2d4851a1d" relativeResultsDirectory="a6297c22-aeb4-42bd-870c-5b38fdd311b5">
    </UnitTestResult>
    <UnitTestResult executionId="5eb2a653-5a3e-46a7-8c31-05ac0a1ad263" testId="f74cd5cf-5332-2f99-0d94-f069236ae8aa" testName="AtualizaCorredorTest" computerName="RICK-PC" duration="00:00:01.3071882" startTime="2015-06-24T01:43:58.4269750-03:00" endTime="2015-06-24T01:44:00.9871214-03:00" testType="13cdc9d9-ddb5-4fa4-a97d-d965ccfc6d4b" outcome="Failed" testListId="8c84fa94-04c1-424b-9868-57a2d4851a1d" relativeResultsDirectory="5eb2a653-5a3e-46a7-8c31-05ac0a1ad263">
      <Output>
        <ErrorInfo>
          <Message>Test method WebServiceTest.CorredorControllerTest.AtualizaCorredorTest threw exception: 
System.NotSupportedException: LINQ to Entities does not recognize the method 'Int16 Parse(System.String)' method, and this method cannot be translated into a store expression.</Message>
          <StackTrace>    at System.Data.Objects.ELinq.ExpressionConverter.MethodCallTranslator.DefaultTranslator.Translate(ExpressionConverter parent, MethodCallExpression call)
   at System.Data.Objects.ELinq.ExpressionConverter.MethodCallTranslator.TypedTranslate(ExpressionConverter parent, MethodCallExpression linq)
   at System.Data.Objects.ELinq.ExpressionConverter.TypedTranslator`1.Translate(ExpressionConverter parent, Expression linq)
   at System.Data.Objects.ELinq.ExpressionConverter.TranslateExpression(Expression linq)
   at System.Data.Objects.ELinq.ExpressionConverter.UnaryTranslator.TypedTranslate(ExpressionConverter parent, UnaryExpression linq)
   at System.Data.Objects.ELinq.ExpressionConverter.TypedTranslator`1.Translate(ExpressionConverter parent, Expression linq)
   at System.Data.Objects.ELinq.ExpressionConverter.TranslateExpression(Expression linq)
   at System.Data.Objects.ELinq.ExpressionConverter.EqualsTranslator.TypedTranslate(ExpressionConverter parent, BinaryExpression linq)
   at System.Data.Objects.ELinq.ExpressionConverter.TypedTranslator`1.Translate(ExpressionConverter parent, Expression linq)
   at System.Data.Objects.ELinq.ExpressionConverter.TranslateExpression(Expression linq)
   at System.Data.Objects.ELinq.ExpressionConverter.TranslateLambda(LambdaExpression lambda, DbExpression input)
   at System.Data.Objects.ELinq.ExpressionConverter.TranslateLambda(LambdaExpression lambda, DbExpression input, DbExpressionBinding&amp; binding)
   at System.Data.Objects.ELinq.ExpressionConverter.MethodCallTranslator.OneLambdaTranslator.Translate(ExpressionConverter parent, MethodCallExpression call, DbExpression&amp; source, DbExpressionBinding&amp; sourceBinding, DbExpression&amp; lambda)
   at System.Data.Objects.ELinq.ExpressionConverter.MethodCallTranslator.OneLambdaTranslator.Translate(ExpressionConverter parent, MethodCallExpression call)
   at System.Data.Objects.ELinq.ExpressionConverter.MethodCallTranslator.SequenceMethodTranslator.Translate(ExpressionConverter parent, MethodCallExpression call, SequenceMethod sequenceMethod)
   at System.Data.Objects.ELinq.ExpressionConverter.MethodCallTranslator.TypedTranslate(ExpressionConverter parent, MethodCallExpression linq)
   at System.Data.Objects.ELinq.ExpressionConverter.TypedTranslator`1.Translate(ExpressionConverter parent, Expression linq)
   at System.Data.Objects.ELinq.ExpressionConverter.TranslateExpression(Expression linq)
   at System.Data.Objects.ELinq.ExpressionConverter.MethodCallTranslator.UnarySequenceMethodTranslator.Translate(ExpressionConverter parent, MethodCallExpression call)
   at System.Data.Objects.ELinq.ExpressionConverter.MethodCallTranslator.SequenceMethodTranslator.Translate(ExpressionConverter parent, MethodCallExpression call, SequenceMethod sequenceMethod)
   at System.Data.Objects.ELinq.ExpressionConverter.MethodCallTranslator.TypedTranslate(ExpressionConverter parent, MethodCallExpression linq)
   at System.Data.Objects.ELinq.ExpressionConverter.TypedTranslator`1.Translate(ExpressionConverter parent, Expression linq)
   at System.Data.Objects.ELinq.ExpressionConverter.TranslateExpression(Expression linq)
   at System.Data.Objects.ELinq.ExpressionConverter.Convert()
   at System.Data.Objects.ELinq.ELinqQueryState.GetExecutionPlan(Nullable`1 forMergeOption)
   at System.Data.Objects.ObjectQuery`1.GetResults(Nullable`1 forMergeOption)
   at System.Data.Objects.ObjectQuery`1.System.Collections.Generic.IEnumerable&lt;T&gt;.GetEnumerator()
   at System.Linq.Enumerable.First[TSource](IEnumerable`1 source)
   at System.Data.Objects.ELinq.ObjectQueryProvider.&lt;GetElementFunction&gt;b__0[TResult](IEnumerable`1 sequence)
   at System.Data.Objects.ELinq.ObjectQueryProvider.ExecuteSingle[TResult](IEnumerable`1 query, Expression queryRoot)
   at System.Data.Objects.ELinq.ObjectQueryProvider.System.Linq.IQueryProvider.Execute[S](Expression expression)
   at System.Linq.Queryable.First[TSource](IQueryable`1 source)
   at WcfRestService1.Controllers.CorredorController.AtualizaCorredor(String id, corredor instance) in C:\Users\Rick\documents\visual studio 2010\Projects\WcfRestService1\WcfRestService1\Controllers\CorredorController.cs:line 45
   at WebServiceTest.CorredorControllerTest.AtualizaCorredorTest() in C:\Users\Rick\documents\visual studio 2010\Projects\WcfRestService1\WebServiceTest\CorredorControllerTest.cs:line 100
</StackTrace>
        </ErrorInfo>
      </Output>
    </UnitTestResult>
    <UnitTestResult executionId="3c4d8dde-dc32-4411-850c-a41e9b11f157" testId="fe3d67b9-f24f-b91e-89f2-c2a147922167" testName="ExcluiCorredorTest" computerName="RICK-PC" duration="00:00:00.2283881" startTime="2015-06-24T01:44:00.9931218-03:00" endTime="2015-06-24T01:44:01.2631372-03:00" testType="13cdc9d9-ddb5-4fa4-a97d-d965ccfc6d4b" outcome="Failed" testListId="8c84fa94-04c1-424b-9868-57a2d4851a1d" relativeResultsDirectory="3c4d8dde-dc32-4411-850c-a41e9b11f157">
      <Output>
        <ErrorInfo>
          <Message>Test method WebServiceTest.CorredorControllerTest.ExcluiCorredorTest threw exception: 
System.InvalidOperationException: An entity object cannot be referenced by multiple instances of IEntityChangeTracker.</Message>
          <StackTrace>    at System.Data.Objects.ObjectContext.VerifyContextForAddOrAttach(IEntityWrapper wrappedEntity)
   at System.Data.Objects.ObjectContext.AddSingleObject(EntitySet entitySet, IEntityWrapper wrappedEntity, String argumentName)
   at System.Data.Objects.ObjectContext.AddObject(String entitySetName, Object entity)
   at WcfRestService1.webserviceEntities.AddTocorredor(corredor corredor) in C:\Users\Rick\documents\visual studio 2010\Projects\WcfRestService1\WcfRestService1\ADO.Designer.cs:line 107
   at WcfRestService1.Controllers.CorredorController.AdicionaCorredor(corredor instance) in C:\Users\Rick\documents\visual studio 2010\Projects\WcfRestService1\WcfRestService1\Controllers\CorredorController.cs:line 24
   at WebServiceTest.CorredorControllerTest.ExcluiCorredorTest() in C:\Users\Rick\documents\visual studio 2010\Projects\WcfRestService1\WebServiceTest\CorredorControllerTest.cs:line 126
</StackTrace>
        </ErrorInfo>
      </Output>
    </UnitTestResult>
  </Results>
</TestRun>