<?xml version="1.0" encoding="UTF-8"?>
<TestRun id="6062c701-c3e8-4b4e-bc3d-8210cb46c41c" name="Rick@RICK-PC 2015-06-24 01:54:55" runUser="Rick-PC\Rick" xmlns="http://microsoft.com/schemas/VisualStudio/TeamTest/2010">
  <TestSettings name="Local" id="d8c93d2e-84f3-4b5d-943e-6cf5476d15bf">
    <Description>These are default test settings for a local test run.</Description>
    <Deployment enabled="false" runDeploymentRoot="Rick_RICK-PC 2015-06-24 01_54_55">
      <DeploymentItem filename="C:\Users\Rick\documents\visual studio 2010\Projects\WcfRestService1\WcfRestService1\bin\WcfRestService1.dll" />
    </Deployment>
    <Execution>
      <TestTypeSpecific />
      <AgentRule name="Execution Agents">
      </AgentRule>
    </Execution>
  </TestSettings>
  <Times creation="2015-06-24T01:54:55.0305306-03:00" queuing="2015-06-24T01:54:55.0435313-03:00" start="2015-06-24T01:54:55.0695328-03:00" finish="2015-06-24T01:55:20.8500074-03:00" />
  <ResultSummary outcome="Failed">
    <Counters total="3" executed="3" passed="2" error="0" failed="1" timeout="0" aborted="0" inconclusive="0" passedButRunAborted="0" notRunnable="0" notExecuted="0" disconnected="0" warning="0" completed="0" inProgress="0" pending="0" />
  </ResultSummary>
  <TestDefinitions>
    <UnitTest name="AtualizaCorredorTest" storage="c:\users\rick\documents\visual studio 2010\projects\wcfrestservice1\webservicetest\bin\debug\webservicetest.dll" id="f74cd5cf-5332-2f99-0d94-f069236ae8aa">
      <Execution id="addaa793-9e06-4db2-bdbf-f4865155abe2" />
      <TestMethod codeBase="C:/Users/Rick/documents/visual studio 2010/Projects/WcfRestService1/WebServiceTest/bin/Debug/WebServiceTest.DLL" adapterTypeName="Microsoft.VisualStudio.TestTools.TestTypes.Unit.UnitTestAdapter, Microsoft.VisualStudio.QualityTools.Tips.UnitTest.Adapter, Version=10.0.0.0, Culture=neutral, PublicKeyToken=b03f5f7f11d50a3a" className="WebServiceTest.CorredorControllerTest, WebServiceTest, Version=1.0.0.0, Culture=neutral, PublicKeyToken=null" name="AtualizaCorredorTest" />
      <AspNet webSiteUrl="http://localhost:64670/NecessarioParaPoderRodarTestes.aspx">
        <Host pathToWebApp="C:\Users\Rick\Documents\Visual Studio 2010\Projects\WcfRestService1\WcfRestService1" webAppRoot="/" />
      </AspNet>
    </UnitTest>
    <UnitTest name="ExcluiCorredorTest" storage="c:\users\rick\documents\visual studio 2010\projects\wcfrestservice1\webservicetest\bin\debug\webservicetest.dll" id="fe3d67b9-f24f-b91e-89f2-c2a147922167">
      <Execution id="96501dea-25fb-49e1-ad41-106830deb089" />
      <TestMethod codeBase="C:/Users/Rick/documents/visual studio 2010/Projects/WcfRestService1/WebServiceTest/bin/Debug/WebServiceTest.DLL" adapterTypeName="Microsoft.VisualStudio.TestTools.TestTypes.Unit.UnitTestAdapter, Microsoft.VisualStudio.QualityTools.Tips.UnitTest.Adapter, Version=10.0.0.0, Culture=neutral, PublicKeyToken=b03f5f7f11d50a3a" className="WebServiceTest.CorredorControllerTest, WebServiceTest, Version=1.0.0.0, Culture=neutral, PublicKeyToken=null" name="ExcluiCorredorTest" />
      <AspNet webSiteUrl="http://localhost:64670/NecessarioParaPoderRodarTestes.aspx">
        <Host pathToWebApp="C:\Users\Rick\Documents\Visual Studio 2010\Projects\WcfRestService1\WcfRestService1" webAppRoot="/" />
      </AspNet>
    </UnitTest>
    <UnitTest name="AdicionaCorredorTest" storage="c:\users\rick\documents\visual studio 2010\projects\wcfrestservice1\webservicetest\bin\debug\webservicetest.dll" id="bd2cc5eb-4013-3a7b-10cc-71062da9a9da">
      <Execution id="9f4d746b-9205-421d-9343-74938e20ec0c" />
      <TestMethod codeBase="C:/Users/Rick/documents/visual studio 2010/Projects/WcfRestService1/WebServiceTest/bin/Debug/WebServiceTest.DLL" adapterTypeName="Microsoft.VisualStudio.TestTools.TestTypes.Unit.UnitTestAdapter, Microsoft.VisualStudio.QualityTools.Tips.UnitTest.Adapter, Version=10.0.0.0, Culture=neutral, PublicKeyToken=b03f5f7f11d50a3a" className="WebServiceTest.CorredorControllerTest, WebServiceTest, Version=1.0.0.0, Culture=neutral, PublicKeyToken=null" name="AdicionaCorredorTest" />
      <AspNet webSiteUrl="http://localhost:64670/NecessarioParaPoderRodarTestes.aspx">
        <Host pathToWebApp="C:\Users\Rick\Documents\Visual Studio 2010\Projects\WcfRestService1\WcfRestService1" webAppRoot="/" />
      </AspNet>
    </UnitTest>
  </TestDefinitions>
  <TestLists>
    <TestList name="Results Not in a List" id="8c84fa94-04c1-424b-9868-57a2d4851a1d" />
    <TestList name="All Loaded Results" id="19431567-8539-422a-85d7-44ee4e166bda" />
  </TestLists>
  <TestEntries>
    <TestEntry testId="bd2cc5eb-4013-3a7b-10cc-71062da9a9da" executionId="9f4d746b-9205-421d-9343-74938e20ec0c" testListId="8c84fa94-04c1-424b-9868-57a2d4851a1d" />
    <TestEntry testId="f74cd5cf-5332-2f99-0d94-f069236ae8aa" executionId="addaa793-9e06-4db2-bdbf-f4865155abe2" testListId="8c84fa94-04c1-424b-9868-57a2d4851a1d" />
    <TestEntry testId="fe3d67b9-f24f-b91e-89f2-c2a147922167" executionId="96501dea-25fb-49e1-ad41-106830deb089" testListId="8c84fa94-04c1-424b-9868-57a2d4851a1d" />
  </TestEntries>
  <Results>
    <UnitTestResult executionId="9f4d746b-9205-421d-9343-74938e20ec0c" testId="bd2cc5eb-4013-3a7b-10cc-71062da9a9da" testName="AdicionaCorredorTest" computerName="RICK-PC" duration="00:00:01.5640400" startTime="2015-06-24T01:54:55.0865338-03:00" endTime="2015-06-24T01:55:18.8028903-03:00" testType="13cdc9d9-ddb5-4fa4-a97d-d965ccfc6d4b" outcome="Passed" testListId="8c84fa94-04c1-424b-9868-57a2d4851a1d" relativeResultsDirectory="9f4d746b-9205-421d-9343-74938e20ec0c">
    </UnitTestResult>
    <UnitTestResult executionId="addaa793-9e06-4db2-bdbf-f4865155abe2" testId="f74cd5cf-5332-2f99-0d94-f069236ae8aa" testName="AtualizaCorredorTest" computerName="RICK-PC" duration="00:00:01.2508342" startTime="2015-06-24T01:55:18.8078906-03:00" endTime="2015-06-24T01:55:20.4589850-03:00" testType="13cdc9d9-ddb5-4fa4-a97d-d965ccfc6d4b" outcome="Passed" testListId="8c84fa94-04c1-424b-9868-57a2d4851a1d" relativeResultsDirectory="addaa793-9e06-4db2-bdbf-f4865155abe2">
    </UnitTestResult>
    <UnitTestResult executionId="96501dea-25fb-49e1-ad41-106830deb089" testId="fe3d67b9-f24f-b91e-89f2-c2a147922167" testName="ExcluiCorredorTest" computerName="RICK-PC" duration="00:00:00.1022575" startTime="2015-06-24T01:55:20.4639853-03:00" endTime="2015-06-24T01:55:20.6099937-03:00" testType="13cdc9d9-ddb5-4fa4-a97d-d965ccfc6d4b" outcome="Failed" testListId="8c84fa94-04c1-424b-9868-57a2d4851a1d" relativeResultsDirectory="96501dea-25fb-49e1-ad41-106830deb089">
      <Output>
        <ErrorInfo>
          <Message>Test method WebServiceTest.CorredorControllerTest.ExcluiCorredorTest threw exception: 
System.InvalidOperationException: Sequence contains no elements</Message>
          <StackTrace>    at System.Linq.Enumerable.First[TSource](IEnumerable`1 source)
   at System.Data.Objects.ELinq.ObjectQueryProvider.&lt;GetElementFunction&gt;b__0[TResult](IEnumerable`1 sequence)
   at System.Data.Objects.ELinq.ObjectQueryProvider.ExecuteSingle[TResult](IEnumerable`1 query, Expression queryRoot)
   at System.Data.Objects.ELinq.ObjectQueryProvider.System.Linq.IQueryProvider.Execute[S](Expression expression)
   at System.Linq.Queryable.First[TSource](IQueryable`1 source)
   at WcfRestService1.Controllers.CorredorController.RetornaCorredor(String id) in C:\Users\Rick\documents\visual studio 2010\Projects\WcfRestService1\WcfRestService1\Controllers\CorredorController.cs:line 36
   at WebServiceTest.CorredorControllerTest.ExcluiCorredorTest() in C:\Users\Rick\documents\visual studio 2010\Projects\WcfRestService1\WebServiceTest\CorredorControllerTest.cs:line 128
</StackTrace>
        </ErrorInfo>
      </Output>
    </UnitTestResult>
  </Results>
</TestRun>