<?xml version="1.0" encoding="UTF-8"?>
<TestRun id="e44a51ef-3da0-40c1-b723-3738f915a004" name="Rick@RICK-PC 2015-06-24 01:47:55" runUser="Rick-PC\Rick" xmlns="http://microsoft.com/schemas/VisualStudio/TeamTest/2010">
  <TestSettings name="Local" id="d8c93d2e-84f3-4b5d-943e-6cf5476d15bf">
    <Description>These are default test settings for a local test run.</Description>
    <Deployment enabled="false" runDeploymentRoot="Rick_RICK-PC 2015-06-24 01_47_55">
      <DeploymentItem filename="C:\Users\Rick\documents\visual studio 2010\Projects\WcfRestService1\WcfRestService1\bin\WcfRestService1.dll" />
    </Deployment>
    <Execution>
      <TestTypeSpecific />
      <AgentRule name="Execution Agents">
      </AgentRule>
    </Execution>
  </TestSettings>
  <Times creation="2015-06-24T01:47:55.9495605-03:00" queuing="2015-06-24T01:47:55.9605612-03:00" start="2015-06-24T01:47:55.9885628-03:00" finish="2015-06-24T01:48:20.5969703-03:00" />
  <ResultSummary outcome="Failed">
    <Counters total="3" executed="3" passed="2" error="0" failed="1" timeout="0" aborted="0" inconclusive="0" passedButRunAborted="0" notRunnable="0" notExecuted="0" disconnected="0" warning="0" completed="0" inProgress="0" pending="0" />
  </ResultSummary>
  <TestDefinitions>
    <UnitTest name="AtualizaCorredorTest" storage="c:\users\rick\documents\visual studio 2010\projects\wcfrestservice1\webservicetest\bin\debug\webservicetest.dll" id="f74cd5cf-5332-2f99-0d94-f069236ae8aa">
      <Execution id="a009a2b4-555e-48b7-824c-00beeb009865" />
      <TestMethod codeBase="C:/Users/Rick/documents/visual studio 2010/Projects/WcfRestService1/WebServiceTest/bin/Debug/WebServiceTest.DLL" adapterTypeName="Microsoft.VisualStudio.TestTools.TestTypes.Unit.UnitTestAdapter, Microsoft.VisualStudio.QualityTools.Tips.UnitTest.Adapter, Version=10.0.0.0, Culture=neutral, PublicKeyToken=b03f5f7f11d50a3a" className="WebServiceTest.CorredorControllerTest, WebServiceTest, Version=1.0.0.0, Culture=neutral, PublicKeyToken=null" name="AtualizaCorredorTest" />
      <AspNet webSiteUrl="http://localhost:64670/NecessarioParaPoderRodarTestes.aspx">
        <Host pathToWebApp="C:\Users\Rick\Documents\Visual Studio 2010\Projects\WcfRestService1\WcfRestService1" webAppRoot="/" />
      </AspNet>
    </UnitTest>
    <UnitTest name="ExcluiCorredorTest" storage="c:\users\rick\documents\visual studio 2010\projects\wcfrestservice1\webservicetest\bin\debug\webservicetest.dll" id="fe3d67b9-f24f-b91e-89f2-c2a147922167">
      <Execution id="37a6ef5a-c3c0-42c9-a868-595ee234dea6" />
      <TestMethod codeBase="C:/Users/Rick/documents/visual studio 2010/Projects/WcfRestService1/WebServiceTest/bin/Debug/WebServiceTest.DLL" adapterTypeName="Microsoft.VisualStudio.TestTools.TestTypes.Unit.UnitTestAdapter, Microsoft.VisualStudio.QualityTools.Tips.UnitTest.Adapter, Version=10.0.0.0, Culture=neutral, PublicKeyToken=b03f5f7f11d50a3a" className="WebServiceTest.CorredorControllerTest, WebServiceTest, Version=1.0.0.0, Culture=neutral, PublicKeyToken=null" name="ExcluiCorredorTest" />
      <AspNet webSiteUrl="http://localhost:64670/NecessarioParaPoderRodarTestes.aspx">
        <Host pathToWebApp="C:\Users\Rick\Documents\Visual Studio 2010\Projects\WcfRestService1\WcfRestService1" webAppRoot="/" />
      </AspNet>
    </UnitTest>
    <UnitTest name="AdicionaCorredorTest" storage="c:\users\rick\documents\visual studio 2010\projects\wcfrestservice1\webservicetest\bin\debug\webservicetest.dll" id="bd2cc5eb-4013-3a7b-10cc-71062da9a9da">
      <Execution id="5fee16f9-f00c-4545-b969-b4200d0a8f80" />
      <TestMethod codeBase="C:/Users/Rick/documents/visual studio 2010/Projects/WcfRestService1/WebServiceTest/bin/Debug/WebServiceTest.DLL" adapterTypeName="Microsoft.VisualStudio.TestTools.TestTypes.Unit.UnitTestAdapter, Microsoft.VisualStudio.QualityTools.Tips.UnitTest.Adapter, Version=10.0.0.0, Culture=neutral, PublicKeyToken=b03f5f7f11d50a3a" className="WebServiceTest.CorredorControllerTest, WebServiceTest, Version=1.0.0.0, Culture=neutral, PublicKeyToken=null" name="AdicionaCorredorTest" />
      <AspNet webSiteUrl="http://localhost:64670/NecessarioParaPoderRodarTestes.aspx">
        <Host pathToWebApp="C:\Users\Rick\Documents\Visual Studio 2010\Projects\WcfRestService1\WcfRestService1" webAppRoot="/" />
      </AspNet>
    </UnitTest>
  </TestDefinitions>
  <TestLists>
    <TestList name="Results Not in a List" id="8c84fa94-04c1-424b-9868-57a2d4851a1d" />
    <TestList name="All Loaded Results" id="19431567-8539-422a-85d7-44ee4e166bda" />
  </TestLists>
  <TestEntries>
    <TestEntry testId="bd2cc5eb-4013-3a7b-10cc-71062da9a9da" executionId="5fee16f9-f00c-4545-b969-b4200d0a8f80" testListId="8c84fa94-04c1-424b-9868-57a2d4851a1d" />
    <TestEntry testId="f74cd5cf-5332-2f99-0d94-f069236ae8aa" executionId="a009a2b4-555e-48b7-824c-00beeb009865" testListId="8c84fa94-04c1-424b-9868-57a2d4851a1d" />
    <TestEntry testId="fe3d67b9-f24f-b91e-89f2-c2a147922167" executionId="37a6ef5a-c3c0-42c9-a868-595ee234dea6" testListId="8c84fa94-04c1-424b-9868-57a2d4851a1d" />
  </TestEntries>
  <Results>
    <UnitTestResult executionId="5fee16f9-f00c-4545-b969-b4200d0a8f80" testId="bd2cc5eb-4013-3a7b-10cc-71062da9a9da" testName="AdicionaCorredorTest" computerName="RICK-PC" duration="00:00:01.4587021" startTime="2015-06-24T01:47:55.9995634-03:00" endTime="2015-06-24T01:48:18.6798606-03:00" testType="13cdc9d9-ddb5-4fa4-a97d-d965ccfc6d4b" outcome="Passed" testListId="8c84fa94-04c1-424b-9868-57a2d4851a1d" relativeResultsDirectory="5fee16f9-f00c-4545-b969-b4200d0a8f80">
    </UnitTestResult>
    <UnitTestResult executionId="a009a2b4-555e-48b7-824c-00beeb009865" testId="f74cd5cf-5332-2f99-0d94-f069236ae8aa" testName="AtualizaCorredorTest" computerName="RICK-PC" duration="00:00:01.2281789" startTime="2015-06-24T01:48:18.6838609-03:00" endTime="2015-06-24T01:48:20.2429500-03:00" testType="13cdc9d9-ddb5-4fa4-a97d-d965ccfc6d4b" outcome="Passed" testListId="8c84fa94-04c1-424b-9868-57a2d4851a1d" relativeResultsDirectory="a009a2b4-555e-48b7-824c-00beeb009865">
    </UnitTestResult>
    <UnitTestResult executionId="37a6ef5a-c3c0-42c9-a868-595ee234dea6" testId="fe3d67b9-f24f-b91e-89f2-c2a147922167" testName="ExcluiCorredorTest" computerName="RICK-PC" duration="00:00:00.0519665" startTime="2015-06-24T01:48:20.2479503-03:00" endTime="2015-06-24T01:48:20.3409556-03:00" testType="13cdc9d9-ddb5-4fa4-a97d-d965ccfc6d4b" outcome="Failed" testListId="8c84fa94-04c1-424b-9868-57a2d4851a1d" relativeResultsDirectory="37a6ef5a-c3c0-42c9-a868-595ee234dea6">
      <Output>
        <ErrorInfo>
          <Message>Test method WebServiceTest.CorredorControllerTest.ExcluiCorredorTest threw exception: 
System.InvalidOperationException: An entity object cannot be referenced by multiple instances of IEntityChangeTracker.</Message>
          <StackTrace>    at System.Data.Objects.ObjectContext.VerifyContextForAddOrAttach(IEntityWrapper wrappedEntity)
   at System.Data.Objects.ObjectContext.AddSingleObject(EntitySet entitySet, IEntityWrapper wrappedEntity, String argumentName)
   at System.Data.Objects.ObjectContext.AddObject(String entitySetName, Object entity)
   at WcfRestService1.webserviceEntities.AddTocorredor(corredor corredor) in C:\Users\Rick\documents\visual studio 2010\Projects\WcfRestService1\WcfRestService1\ADO.Designer.cs:line 107
   at WcfRestService1.Controllers.CorredorController.AdicionaCorredor(corredor instance) in C:\Users\Rick\documents\visual studio 2010\Projects\WcfRestService1\WcfRestService1\Controllers\CorredorController.cs:line 24
   at WebServiceTest.CorredorControllerTest.ExcluiCorredorTest() in C:\Users\Rick\documents\visual studio 2010\Projects\WcfRestService1\WebServiceTest\CorredorControllerTest.cs:line 126
</StackTrace>
        </ErrorInfo>
      </Output>
    </UnitTestResult>
  </Results>
</TestRun>